{"name": "test_pageTitle_001", "status": "broken", "statusDetails": {"message": "selenium.common.exceptions.WebDriverException: Message: Service C:\\Users\\HP\\.cache\\selenium\\chromedriver\\win32\\114.0.5735.90\\chromedriver.exe unexpectedly exited. Status code was: 1", "trace": "browser = 'firefox'\n\n    @pytest.fixture()\n    def setup(browser):\n        if browser == 'chrome':\n            driver = webdriver.Chrome()\n            print(\"Launching Chrome \")\n        elif browser == 'firefox':\n            options = Options()\n            options.binary_location = 'C:\\\\Program Files\\\\Mozilla Firefox\\\\firefox.exe'\n>           driver = webdriver.Firefox(options=options)\n\ntestCases\\conftest.py:26: \n_ _ _ _ _ _ _ _ _ _ _ _ _ _ _ _ _ _ _ _ _ _ _ _ _ _ _ _ _ _ _ _ _ _ _ _ _ _ _ _\nC:\\Users\\HP\\AppData\\Local\\Programs\\Python\\Python311\\Lib\\site-packages\\selenium\\webdriver\\firefox\\webdriver.py:61: in __init__\n    self.service.start()\nC:\\Users\\HP\\AppData\\Local\\Programs\\Python\\Python311\\Lib\\site-packages\\selenium\\webdriver\\common\\service.py:97: in start\n    self.assert_process_still_running()\n_ _ _ _ _ _ _ _ _ _ _ _ _ _ _ _ _ _ _ _ _ _ _ _ _ _ _ _ _ _ _ _ _ _ _ _ _ _ _ _\n\nself = <selenium.webdriver.firefox.service.Service object at 0x000001ED231B1910>\n\n    def assert_process_still_running(self) -> None:\n        \"\"\"Check if the underlying process is still running.\"\"\"\n        return_code = self.process.poll()\n        if return_code:\n>           raise WebDriverException(f\"Service {self._path} unexpectedly exited. Status code was: {return_code}\")\nE           selenium.common.exceptions.WebDriverException: Message: Service C:\\Users\\HP\\.cache\\selenium\\chromedriver\\win32\\114.0.5735.90\\chromedriver.exe unexpectedly exited. Status code was: 1\n\nC:\\Users\\HP\\AppData\\Local\\Programs\\Python\\Python311\\Lib\\site-packages\\selenium\\webdriver\\common\\service.py:110: WebDriverException"}, "attachments": [{"name": "log", "source": "06f79c0c-ad84-4991-a34c-ddfffb0e50da-attachment.txt", "type": "text/plain"}], "start": 1690943355962, "stop": 1690943355962, "uuid": "bd382bc8-eeef-4e85-b5e2-545e6b78def1", "historyId": "ccc419a9e9c5145a2c64d3ffdae510be", "testCaseId": "ccc419a9e9c5145a2c64d3ffdae510be", "fullName": "testCases.test_Login.Test_CredKart_Login#test_pageTitle_001", "labels": [{"name": "parentSuite", "value": "testCases"}, {"name": "suite", "value": "test_Login"}, {"name": "subSuite", "value": "Test_CredKart_Login"}, {"name": "host", "value": "Tushar-Pc"}, {"name": "thread", "value": "24172-MainThread"}, {"name": "framework", "value": "pytest"}, {"name": "language", "value": "cpython3"}, {"name": "package", "value": "testCases.test_Login"}]}