{"name": "test_CredKart_Login_002", "status": "broken", "statusDetails": {"message": "selenium.common.exceptions.WebDriverException: Message: Service C:\\Users\\HP\\AppData\\Local\\Programs\\Python\\Python311\\Scripts\\chromedriver.exe unexpectedly exited. Status code was: 1", "trace": "browser = 'firefox'\n\n    @pytest.fixture()\n    def setup(browser):\n        if browser == 'chrome':\n            driver = webdriver.Chrome()\n            print(\"Launching Chrome \")\n        elif browser == 'firefox':\n            options = Options()\n            options.binary_location = 'C:\\\\Program Files\\\\Mozilla Firefox\\\\firefox.exe'\n>           driver = webdriver.Firefox(options=options)\n\ntestCases\\conftest.py:26: \n_ _ _ _ _ _ _ _ _ _ _ _ _ _ _ _ _ _ _ _ _ _ _ _ _ _ _ _ _ _ _ _ _ _ _ _ _ _ _ _\nC:\\Users\\HP\\AppData\\Local\\Programs\\Python\\Python311\\Lib\\site-packages\\selenium\\webdriver\\firefox\\webdriver.py:61: in __init__\n    self.service.start()\nC:\\Users\\HP\\AppData\\Local\\Programs\\Python\\Python311\\Lib\\site-packages\\selenium\\webdriver\\common\\service.py:97: in start\n    self.assert_process_still_running()\n_ _ _ _ _ _ _ _ _ _ _ _ _ _ _ _ _ _ _ _ _ _ _ _ _ _ _ _ _ _ _ _ _ _ _ _ _ _ _ _\n\nself = <selenium.webdriver.firefox.service.Service object at 0x000001BF9420BA50>\n\n    def assert_process_still_running(self) -> None:\n        \"\"\"Check if the underlying process is still running.\"\"\"\n        return_code = self.process.poll()\n        if return_code:\n>           raise WebDriverException(f\"Service {self._path} unexpectedly exited. Status code was: {return_code}\")\nE           selenium.common.exceptions.WebDriverException: Message: Service C:\\Users\\HP\\AppData\\Local\\Programs\\Python\\Python311\\Scripts\\chromedriver.exe unexpectedly exited. Status code was: 1\n\nC:\\Users\\HP\\AppData\\Local\\Programs\\Python\\Python311\\Lib\\site-packages\\selenium\\webdriver\\common\\service.py:110: WebDriverException"}, "attachments": [{"name": "log", "source": "6164cbe6-f6a3-4aa0-8018-e7c1bba163e4-attachment.txt", "type": "text/plain"}], "start": 1690943225831, "stop": 1690943225831, "uuid": "e0037e02-11df-4b85-ae24-3f3a3a8839df", "historyId": "85b0aeb869b504d92d6240011f360467", "testCaseId": "85b0aeb869b504d92d6240011f360467", "fullName": "testCases.test_Login.Test_CredKart_Login#test_CredKart_Login_002", "labels": [{"name": "parentSuite", "value": "testCases"}, {"name": "suite", "value": "test_Login"}, {"name": "subSuite", "value": "Test_CredKart_Login"}, {"name": "host", "value": "Tushar-Pc"}, {"name": "thread", "value": "20884-MainThread"}, {"name": "framework", "value": "pytest"}, {"name": "language", "value": "cpython3"}, {"name": "package", "value": "testCases.test_Login"}]}